2020-11-20T10:48:59.3777367+01:00  [INF] User profile is available. Using '"C:\Users\JO\AppData\Local\ASP.NET\DataProtection-Keys"' as key repository and Windows DPAPI to encrypt keys at rest. (7ac5e29c)
2020-11-20T10:48:59.4994882+01:00  [INF] Processing millenium-falcon.json and setting milleniumFalcon in cache (72eb1826)
2020-11-20T10:48:59.7004519+01:00  [INF] Processing universe.db and setting planetGraph in cache (db842142)
2020-11-20T10:49:00.0968584+01:00  [INF] Now listening on: "http://localhost:5000" (d826f4b8)
2020-11-20T10:49:00.0968899+01:00  [INF] Now listening on: "https://localhost:5001" (d826f4b8)
2020-11-20T10:49:00.0970536+01:00  [INF] Application started. Press Ctrl+C to shut down. (dcaefe54)
2020-11-20T10:49:00.0970979+01:00  [INF] Hosting environment: "Production" (c3307c92)
2020-11-20T10:49:00.0971506+01:00  [INF] Content root path: "C:\temp\www-millenium-falcon-win-x64-v1.0.1" (b5d60022)
2020-11-20T10:49:10.1297834+01:00 0HM4D763IM9ES:00000001 [INF] Request starting HTTP/1.1 GET http://localhost:5000/   (ca22a1cb)
2020-11-20T10:49:10.1940927+01:00 0HM4D763IM9ES:00000001 [INF] Sending file. Request path: '"/index.html"'. Physical path: '"C:\temp\www-millenium-falcon-win-x64-v1.0.1\ClientApp\dist\index.html"' (27b0a520)
2020-11-20T10:49:10.1950464+01:00 0HM4D763IM9ES:00000001 [INF] Request finished in 69.638ms 200 text/html (791a596a)
2020-11-20T10:49:10.2415004+01:00 0HM4D763IM9ET:00000001 [INF] Request starting HTTP/1.1 GET http://localhost:5000/runtime-es2015.c5fa8325f89fc516600b.js   (ca22a1cb)
2020-11-20T10:49:10.2419183+01:00 0HM4D763IM9EU:00000001 [INF] Request starting HTTP/1.1 GET http://localhost:5000/polyfills-es2015.5b10b8fd823b6392f1fd.js   (ca22a1cb)
2020-11-20T10:49:10.2423569+01:00 0HM4D763IM9EV:00000001 [INF] Request starting HTTP/1.1 GET http://localhost:5000/main-es2015.cadc82820e799c820b22.js   (ca22a1cb)
2020-11-20T10:49:10.2445886+01:00 0HM4D763IM9ET:00000001 [INF] Sending file. Request path: '"/runtime-es2015.c5fa8325f89fc516600b.js"'. Physical path: '"C:\temp\www-millenium-falcon-win-x64-v1.0.1\ClientApp\dist\runtime-es2015.c5fa8325f89fc516600b.js"' (27b0a520)
2020-11-20T10:49:10.2449160+01:00 0HM4D763IM9ET:00000001 [INF] Request finished in 3.3535ms 200 application/javascript (791a596a)
2020-11-20T10:49:10.2451036+01:00 0HM4D763IM9ES:00000002 [INF] Request starting HTTP/1.1 GET http://localhost:5000/styles.2acc68e91471b5c3dfa9.css   (ca22a1cb)
2020-11-20T10:49:10.2508727+01:00 0HM4D763IM9EU:00000001 [INF] Sending file. Request path: '"/polyfills-es2015.5b10b8fd823b6392f1fd.js"'. Physical path: '"C:\temp\www-millenium-falcon-win-x64-v1.0.1\ClientApp\dist\polyfills-es2015.5b10b8fd823b6392f1fd.js"' (27b0a520)
2020-11-20T10:49:10.2515820+01:00 0HM4D763IM9EU:00000001 [INF] Request finished in 9.6923ms 200 application/javascript (791a596a)
2020-11-20T10:49:10.2585852+01:00 0HM4D763IM9ES:00000002 [INF] Sending file. Request path: '"/styles.2acc68e91471b5c3dfa9.css"'. Physical path: '"C:\temp\www-millenium-falcon-win-x64-v1.0.1\ClientApp\dist\styles.2acc68e91471b5c3dfa9.css"' (27b0a520)
2020-11-20T10:49:10.2596664+01:00 0HM4D763IM9ES:00000002 [INF] Request finished in 14.5595ms 200 text/css (791a596a)
2020-11-20T10:49:10.2611315+01:00 0HM4D763IM9EV:00000001 [INF] Sending file. Request path: '"/main-es2015.cadc82820e799c820b22.js"'. Physical path: '"C:\temp\www-millenium-falcon-win-x64-v1.0.1\ClientApp\dist\main-es2015.cadc82820e799c820b22.js"' (27b0a520)
2020-11-20T10:49:10.2612775+01:00 0HM4D763IM9EV:00000001 [INF] Request finished in 18.9646ms 200 application/javascript (791a596a)
2020-11-20T10:49:16.2384169+01:00 0HM4D763IM9EV:00000002 [INF] Request starting HTTP/1.1 POST http://localhost:5000/givemetheodds application/json 113 (ca22a1cb)
2020-11-20T10:49:16.2397414+01:00 0HM4D763IM9EV:00000002 [INF] Executing endpoint '"www_millenium_falcon.Controllers.GiveMeTheOddsController.Post (www-millenium-falcon)"' (500cc934)
2020-11-20T10:49:16.3046317+01:00 0HM4D763IM9EV:00000002 [INF] Route matched with "{action = \"Post\", controller = \"GiveMeTheOdds\"}". Executing controller action with signature "www_millenium_falcon.Controllers.Response Post(core.DataContracts.Empire)" on controller "www_millenium_falcon.Controllers.GiveMeTheOddsController" ("www-millenium-falcon"). (122b2fdf)
2020-11-20T10:49:16.3487803+01:00 0HM4D763IM9EV:00000002 [INF] Processing post request with core.DataContracts.Empire (78555af7)
2020-11-20T10:49:16.3586959+01:00 0HM4D763IM9EV:00000002 [INF] Returning result www_millenium_falcon.Controllers.Response (bf99e3d5)
2020-11-20T10:49:16.3616835+01:00 0HM4D763IM9EV:00000002 [INF] Executing ObjectResult, writing value of type '"www_millenium_falcon.Controllers.Response"'. (8a1b66c8)
2020-11-20T10:49:16.4145488+01:00 0HM4D763IM9EV:00000002 [INF] Executed action "www_millenium_falcon.Controllers.GiveMeTheOddsController.Post (www-millenium-falcon)" in 104.6844ms (afa2e885)
2020-11-20T10:49:16.4146377+01:00 0HM4D763IM9EV:00000002 [INF] Executed endpoint '"www_millenium_falcon.Controllers.GiveMeTheOddsController.Post (www-millenium-falcon)"' (99874f2b)
2020-11-20T10:49:16.4148249+01:00 0HM4D763IM9EV:00000002 [INF] Request finished in 176.8282ms 200 application/json; charset=utf-8 (791a596a)
2020-11-20T10:49:23.0591829+01:00 0HM4D763IM9F0:00000001 [INF] Request starting HTTP/1.1 POST http://localhost:5000/givemetheodds application/json 112 (ca22a1cb)
2020-11-20T10:49:23.0607321+01:00 0HM4D763IM9F0:00000001 [INF] Executing endpoint '"www_millenium_falcon.Controllers.GiveMeTheOddsController.Post (www-millenium-falcon)"' (500cc934)
2020-11-20T10:49:23.0626452+01:00 0HM4D763IM9F0:00000001 [INF] Route matched with "{action = \"Post\", controller = \"GiveMeTheOdds\"}". Executing controller action with signature "www_millenium_falcon.Controllers.Response Post(core.DataContracts.Empire)" on controller "www_millenium_falcon.Controllers.GiveMeTheOddsController" ("www-millenium-falcon"). (122b2fdf)
2020-11-20T10:49:23.0678447+01:00 0HM4D763IM9F0:00000001 [INF] Processing post request with core.DataContracts.Empire (78555af7)
2020-11-20T10:49:23.0682646+01:00 0HM4D763IM9F0:00000001 [INF] Returning result www_millenium_falcon.Controllers.Response (bf99e3d5)
2020-11-20T10:49:23.0691316+01:00 0HM4D763IM9F0:00000001 [INF] Executing ObjectResult, writing value of type '"www_millenium_falcon.Controllers.Response"'. (8a1b66c8)
2020-11-20T10:49:23.0712118+01:00 0HM4D763IM9F0:00000001 [INF] Executed action "www_millenium_falcon.Controllers.GiveMeTheOddsController.Post (www-millenium-falcon)" in 7.9865ms (afa2e885)
2020-11-20T10:49:23.0713770+01:00 0HM4D763IM9F0:00000001 [INF] Executed endpoint '"www_millenium_falcon.Controllers.GiveMeTheOddsController.Post (www-millenium-falcon)"' (99874f2b)
2020-11-20T10:49:23.0717030+01:00 0HM4D763IM9F0:00000001 [INF] Request finished in 13.1891ms 200 application/json; charset=utf-8 (791a596a)
2020-11-20T10:49:29.0122536+01:00 0HM4D763IM9F1:00000001 [INF] Request starting HTTP/1.1 POST http://localhost:5000/givemetheodds application/json 112 (ca22a1cb)
2020-11-20T10:49:29.0142770+01:00 0HM4D763IM9F1:00000001 [INF] Executing endpoint '"www_millenium_falcon.Controllers.GiveMeTheOddsController.Post (www-millenium-falcon)"' (500cc934)
2020-11-20T10:49:29.0156282+01:00 0HM4D763IM9F1:00000001 [INF] Route matched with "{action = \"Post\", controller = \"GiveMeTheOdds\"}". Executing controller action with signature "www_millenium_falcon.Controllers.Response Post(core.DataContracts.Empire)" on controller "www_millenium_falcon.Controllers.GiveMeTheOddsController" ("www-millenium-falcon"). (122b2fdf)
2020-11-20T10:49:29.0205393+01:00 0HM4D763IM9F1:00000001 [INF] Processing post request with core.DataContracts.Empire (78555af7)
2020-11-20T10:49:29.0213248+01:00 0HM4D763IM9F1:00000001 [INF] Returning result www_millenium_falcon.Controllers.Response (bf99e3d5)
2020-11-20T10:49:29.0222927+01:00 0HM4D763IM9F1:00000001 [INF] Executing ObjectResult, writing value of type '"www_millenium_falcon.Controllers.Response"'. (8a1b66c8)
2020-11-20T10:49:29.0239268+01:00 0HM4D763IM9F1:00000001 [INF] Executed action "www_millenium_falcon.Controllers.GiveMeTheOddsController.Post (www-millenium-falcon)" in 7.8401ms (afa2e885)
2020-11-20T10:49:29.0241497+01:00 0HM4D763IM9F1:00000001 [INF] Executed endpoint '"www_millenium_falcon.Controllers.GiveMeTheOddsController.Post (www-millenium-falcon)"' (99874f2b)
2020-11-20T10:49:29.0249210+01:00 0HM4D763IM9F1:00000001 [INF] Request finished in 13.2895ms 200 application/json; charset=utf-8 (791a596a)
2020-11-20T10:49:34.5735364+01:00 0HM4D763IM9F1:00000002 [INF] Request starting HTTP/1.1 POST http://localhost:5000/givemetheodds application/json 112 (ca22a1cb)
2020-11-20T10:49:34.5745416+01:00 0HM4D763IM9F1:00000002 [INF] Executing endpoint '"www_millenium_falcon.Controllers.GiveMeTheOddsController.Post (www-millenium-falcon)"' (500cc934)
2020-11-20T10:49:34.5758666+01:00 0HM4D763IM9F1:00000002 [INF] Route matched with "{action = \"Post\", controller = \"GiveMeTheOdds\"}". Executing controller action with signature "www_millenium_falcon.Controllers.Response Post(core.DataContracts.Empire)" on controller "www_millenium_falcon.Controllers.GiveMeTheOddsController" ("www-millenium-falcon"). (122b2fdf)
2020-11-20T10:49:34.5787477+01:00 0HM4D763IM9F1:00000002 [INF] Processing post request with core.DataContracts.Empire (78555af7)
2020-11-20T10:49:34.5790854+01:00 0HM4D763IM9F1:00000002 [INF] Returning result www_millenium_falcon.Controllers.Response (bf99e3d5)
2020-11-20T10:49:34.5795827+01:00 0HM4D763IM9F1:00000002 [INF] Executing ObjectResult, writing value of type '"www_millenium_falcon.Controllers.Response"'. (8a1b66c8)
2020-11-20T10:49:34.5806810+01:00 0HM4D763IM9F1:00000002 [INF] Executed action "www_millenium_falcon.Controllers.GiveMeTheOddsController.Post (www-millenium-falcon)" in 4.566ms (afa2e885)
2020-11-20T10:49:34.5807944+01:00 0HM4D763IM9F1:00000002 [INF] Executed endpoint '"www_millenium_falcon.Controllers.GiveMeTheOddsController.Post (www-millenium-falcon)"' (99874f2b)
2020-11-20T10:49:34.5810310+01:00 0HM4D763IM9F1:00000002 [INF] Request finished in 8.5509ms 200 application/json; charset=utf-8 (791a596a)
2020-11-20T10:49:41.4615058+01:00  [INF] Application is shutting down... (90f52c38)
